<?xml version="1.0" encoding="UTF-8"?>
<!-- Generated by org.testng.reporters.JUnitReportReporter -->
<testsuite hostname="SOUBHAGYA-PC" failures="0" tests="1" name="TestNG.DynamicTableDemo.ValidateDynamicTable" time="187.293" errors="0" timestamp="5 Mar 2022 14:55:29 GMT">
  <testcase classname="TestNG.DynamicTableDemo.ValidateDynamicTable" name="getExactCompanyNameFromDynamicTable" time="187.293"/>
</testsuite> <!-- TestNG.DynamicTableDemo.ValidateDynamicTable -->
